INFO:sim:172 - Generating IP...
Applying current project options...
Finished applying current project options.
WARNING:sim - A core named 'clk_man' already exists in the project. Output
   products for this core may be overwritten.
Resolving generics for 'clk_man'...
WARNING:sim - A core named 'clk_man' already exists in the project. Output
   products for this core may be overwritten.
Applying external generics to 'clk_man'...
Delivering associated files for 'clk_man'...
WARNING:sim - Component clk_wiz_v3_6 does not have a valid model name for
   Verilog synthesis
Delivering EJava files for 'clk_man'...
Delivered 3 files into directory
D:/FPGA_Project/G_Drive_Ch/GD_N_C_RP_V1q/ipcore_dir/tmp/_cg/clk_man
Delivered 1 file into directory
D:/FPGA_Project/G_Drive_Ch/GD_N_C_RP_V1q/ipcore_dir/tmp/_cg/clk_man
Generating ASY schematic symbol...
Loading device for application Rf_Device from file '6slx16.nph' in environment
C:\Xilinx\14.6\ISE_DS\ISE\.
INFO:sim:949 - Finished generation of ASY schematic symbol.
Generating SYM schematic symbol for 'clk_man'...
Generating ISE project...
XCO file found: clk_man.xco
XMDF file found: clk_man_xmdf.tcl
Adding D:/FPGA_Project/G_Drive_Ch/GD_N_C_RP_V1q/ipcore_dir/tmp/_cg/clk_man.asy
-view all -origin_type imported
Adding D:/FPGA_Project/G_Drive_Ch/GD_N_C_RP_V1q/ipcore_dir/tmp/_cg/clk_man.ucf
-view all -origin_type created
Adding D:/FPGA_Project/G_Drive_Ch/GD_N_C_RP_V1q/ipcore_dir/tmp/_cg/clk_man.v
-view all -origin_type created
INFO:HDLCompiler:1845 - Analyzing Verilog file
   "D:/FPGA_Project/G_Drive_Ch/GD_N_C_RP_V1q/ipcore_dir/tmp/_cg/clk_man.v" into
   library work
INFO:ProjectMgmt - Parsing design hierarchy completed successfully.
Adding D:/FPGA_Project/G_Drive_Ch/GD_N_C_RP_V1q/ipcore_dir/tmp/_cg/clk_man.veo
-view all -origin_type imported
INFO:TclTasksC:2116 - The automatic calculation of top has been turned-off.
   Please set the new top explicitly by running the "project set top" command.
   To re-calculate the new top automatically, set the "Auto Implementation Top"
   property to true.
Top level has been set to "/clk_man"
Generating README file...
Generating FLIST file...
INFO:sim:948 - Finished FLIST file generation.
Launching README viewer...
Moving files to output directory...
Finished moving files to output directory
Wrote CGP file for project 'clk_man'.
